INFO  2020-02-01 21:23:43,507 [13   ] rviceBase.MakeInactiveUsersPassiveWorker - [User 2] admin made passive since he/she did not login in last 30 days.
INFO  2020-02-01 21:23:43,509 [13   ] rviceBase.MakeInactiveUsersPassiveWorker - [User 3] admin made passive since he/she did not login in last 30 days.
INFO  2020-02-01 21:23:48,747 [80   ] rviceBase.MakeInactiveUsersPassiveWorker - [User 2] admin made passive since he/she did not login in last 30 days.
INFO  2020-02-01 21:23:48,747 [80   ] rviceBase.MakeInactiveUsersPassiveWorker - [User 3] admin made passive since he/she did not login in last 30 days.
INFO  2020-02-01 21:23:54,546 [8    ] rviceBase.MakeInactiveUsersPassiveWorker - [User 2] admin made passive since he/she did not login in last 30 days.
INFO  2020-02-01 21:23:54,546 [8    ] rviceBase.MakeInactiveUsersPassiveWorker - [User 3] admin made passive since he/she did not login in last 30 days.
INFO  2020-02-01 21:23:59,795 [8    ] rviceBase.MakeInactiveUsersPassiveWorker - [User 2] admin made passive since he/she did not login in last 30 days.
INFO  2020-02-01 21:23:59,795 [8    ] rviceBase.MakeInactiveUsersPassiveWorker - [User 3] admin made passive since he/she did not login in last 30 days.
ERROR 2020-02-01 21:24:01,725 [52208] QYMSERVER.QYMSERVERApplicationModule     - Fuccck
INFO  2020-02-01 21:24:05,113 [80   ] rviceBase.MakeInactiveUsersPassiveWorker - [User 2] admin made passive since he/she did not login in last 30 days.
INFO  2020-02-01 21:24:05,113 [80   ] rviceBase.MakeInactiveUsersPassiveWorker - [User 3] admin made passive since he/she did not login in last 30 days.
INFO  2020-02-01 21:24:10,257 [79   ] rviceBase.MakeInactiveUsersPassiveWorker - [User 2] admin made passive since he/she did not login in last 30 days.
INFO  2020-02-01 21:24:10,258 [79   ] rviceBase.MakeInactiveUsersPassiveWorker - [User 3] admin made passive since he/she did not login in last 30 days.
INFO  2020-02-01 21:24:15,466 [10   ] rviceBase.MakeInactiveUsersPassiveWorker - [User 2] admin made passive since he/she did not login in last 30 days.
INFO  2020-02-01 21:24:15,466 [10   ] rviceBase.MakeInactiveUsersPassiveWorker - [User 3] admin made passive since he/she did not login in last 30 days.
INFO  2020-02-01 21:24:20,639 [78   ] rviceBase.MakeInactiveUsersPassiveWorker - [User 2] admin made passive since he/she did not login in last 30 days.
INFO  2020-02-01 21:24:20,639 [78   ] rviceBase.MakeInactiveUsersPassiveWorker - [User 3] admin made passive since he/she did not login in last 30 days.
INFO  2020-02-01 21:24:25,771 [8    ] rviceBase.MakeInactiveUsersPassiveWorker - [User 2] admin made passive since he/she did not login in last 30 days.
INFO  2020-02-01 21:24:25,771 [8    ] rviceBase.MakeInactiveUsersPassiveWorker - [User 3] admin made passive since he/she did not login in last 30 days.
INFO  2020-02-01 21:24:30,882 [80   ] rviceBase.MakeInactiveUsersPassiveWorker - [User 2] admin made passive since he/she did not login in last 30 days.
INFO  2020-02-01 21:24:30,882 [80   ] rviceBase.MakeInactiveUsersPassiveWorker - [User 3] admin made passive since he/she did not login in last 30 days.
INFO  2020-02-01 21:24:36,027 [78   ] rviceBase.MakeInactiveUsersPassiveWorker - [User 2] admin made passive since he/she did not login in last 30 days.
INFO  2020-02-01 21:24:36,027 [78   ] rviceBase.MakeInactiveUsersPassiveWorker - [User 3] admin made passive since he/she did not login in last 30 days.
DEBUG 2020-02-01 21:24:39,466 [76   ] Abp.Web.SignalR.Hubs.AbpCommonHub        - A client is connected: {"ConnectionId":"5d2d5763-6415-40b3-afc3-f4e64f15e3fa","IpAddress":"::1","TenantId":null,"UserId":null,"ConnectTime":"2020-02-01T21:24:39.466+08:00","Properties":{}}
INFO  2020-02-01 21:24:41,177 [8    ] rviceBase.MakeInactiveUsersPassiveWorker - [User 2] admin made passive since he/she did not login in last 30 days.
INFO  2020-02-01 21:24:41,177 [8    ] rviceBase.MakeInactiveUsersPassiveWorker - [User 3] admin made passive since he/she did not login in last 30 days.
INFO  2020-02-01 21:24:46,291 [6    ] rviceBase.MakeInactiveUsersPassiveWorker - [User 2] admin made passive since he/she did not login in last 30 days.
INFO  2020-02-01 21:24:46,291 [6    ] rviceBase.MakeInactiveUsersPassiveWorker - [User 3] admin made passive since he/she did not login in last 30 days.
INFO  2020-01-08 21:24:51,167 [79   ] rviceBase.MakeInactiveUsersPassiveWorker - [User 2] admin made passive since he/she did not login in last 30 days.
INFO  2020-01-08 21:24:51,167 [79   ] rviceBase.MakeInactiveUsersPassiveWorker - [User 3] admin made passive since he/she did not login in last 30 days.
INFO  2020-01-08 21:24:56,391 [79   ] rviceBase.MakeInactiveUsersPassiveWorker - [User 2] admin made passive since he/she did not login in last 30 days.
INFO  2020-01-08 21:24:56,391 [79   ] rviceBase.MakeInactiveUsersPassiveWorker - [User 3] admin made passive since he/she did not login in last 30 days.
INFO  2020-01-08 21:25:01,625 [79   ] rviceBase.MakeInactiveUsersPassiveWorker - [User 2] admin made passive since he/she did not login in last 30 days.
INFO  2020-01-08 21:25:01,625 [79   ] rviceBase.MakeInactiveUsersPassiveWorker - [User 3] admin made passive since he/she did not login in last 30 days.
INFO  2020-01-08 21:25:06,756 [6    ] rviceBase.MakeInactiveUsersPassiveWorker - [User 2] admin made passive since he/she did not login in last 30 days.
INFO  2020-01-08 21:25:06,756 [6    ] rviceBase.MakeInactiveUsersPassiveWorker - [User 3] admin made passive since he/she did not login in last 30 days.
INFO  2020-01-08 21:25:11,947 [78   ] rviceBase.MakeInactiveUsersPassiveWorker - [User 2] admin made passive since he/she did not login in last 30 days.
INFO  2020-01-08 21:25:11,947 [78   ] rviceBase.MakeInactiveUsersPassiveWorker - [User 3] admin made passive since he/she did not login in last 30 days.
INFO  2020-01-08 21:25:17,103 [6    ] rviceBase.MakeInactiveUsersPassiveWorker - [User 2] admin made passive since he/she did not login in last 30 days.
INFO  2020-01-08 21:25:17,103 [6    ] rviceBase.MakeInactiveUsersPassiveWorker - [User 3] admin made passive since he/she did not login in last 30 days.
INFO  2020-01-08 21:25:22,732 [72   ] rviceBase.MakeInactiveUsersPassiveWorker - [User 2] admin made passive since he/she did not login in last 30 days.
INFO  2020-01-08 21:25:22,732 [72   ] rviceBase.MakeInactiveUsersPassiveWorker - [User 3] admin made passive since he/she did not login in last 30 days.
INFO  2020-01-08 21:25:27,966 [76   ] rviceBase.MakeInactiveUsersPassiveWorker - [User 2] admin made passive since he/she did not login in last 30 days.
INFO  2020-01-08 21:25:27,967 [76   ] rviceBase.MakeInactiveUsersPassiveWorker - [User 3] admin made passive since he/she did not login in last 30 days.
INFO  2020-01-08 21:25:33,207 [76   ] rviceBase.MakeInactiveUsersPassiveWorker - [User 2] admin made passive since he/she did not login in last 30 days.
INFO  2020-01-08 21:25:33,207 [76   ] rviceBase.MakeInactiveUsersPassiveWorker - [User 3] admin made passive since he/she did not login in last 30 days.
INFO  2020-01-08 21:25:38,313 [79   ] rviceBase.MakeInactiveUsersPassiveWorker - [User 2] admin made passive since he/she did not login in last 30 days.
INFO  2020-01-08 21:25:38,313 [79   ] rviceBase.MakeInactiveUsersPassiveWorker - [User 3] admin made passive since he/she did not login in last 30 days.
INFO  2020-01-08 21:25:43,456 [68   ] rviceBase.MakeInactiveUsersPassiveWorker - [User 2] admin made passive since he/she did not login in last 30 days.
INFO  2020-01-08 21:25:43,457 [68   ] rviceBase.MakeInactiveUsersPassiveWorker - [User 3] admin made passive since he/she did not login in last 30 days.
INFO  2020-01-08 21:25:48,575 [76   ] rviceBase.MakeInactiveUsersPassiveWorker - [User 2] admin made passive since he/she did not login in last 30 days.
INFO  2020-01-08 21:25:48,576 [76   ] rviceBase.MakeInactiveUsersPassiveWorker - [User 3] admin made passive since he/she did not login in last 30 days.
DEBUG 2020-01-08 21:25:51,293 [78   ] Abp.Web.SignalR.Hubs.AbpCommonHub        - A client is disconnected: 5d2d5763-6415-40b3-afc3-f4e64f15e3fa
INFO  2020-01-08 21:25:53,727 [10   ] rviceBase.MakeInactiveUsersPassiveWorker - [User 2] admin made passive since he/she did not login in last 30 days.
INFO  2020-01-08 21:25:53,727 [10   ] rviceBase.MakeInactiveUsersPassiveWorker - [User 3] admin made passive since he/she did not login in last 30 days.
INFO  2020-01-08 21:25:58,866 [72   ] rviceBase.MakeInactiveUsersPassiveWorker - [User 2] admin made passive since he/she did not login in last 30 days.
INFO  2020-01-08 21:25:58,866 [72   ] rviceBase.MakeInactiveUsersPassiveWorker - [User 3] admin made passive since he/she did not login in last 30 days.
INFO  2020-01-08 21:26:03,984 [6    ] rviceBase.MakeInactiveUsersPassiveWorker - [User 2] admin made passive since he/she did not login in last 30 days.
INFO  2020-01-08 21:26:03,984 [6    ] rviceBase.MakeInactiveUsersPassiveWorker - [User 3] admin made passive since he/she did not login in last 30 days.
DEBUG 2020-01-08 21:26:04,570 [gator] Hangfire.SqlServer.CountersAggregator    - Aggregating records in 'Counter' table...
DEBUG 2020-01-08 21:26:04,683 [gator] Hangfire.SqlServer.CountersAggregator    - Records from the 'Counter' table aggregated.
